2020-10-12 13:16:50,424 TRACE com.cg.ddms.controller.ProductController [http-nio-9092-exec-3] This is the trace logs
2020-10-12 13:16:50,927 ERROR com.cg.ddms.controller.ProductController [http-nio-9092-exec-4] This is the  error logs Dognull
2020-10-12 13:16:50,927 INFO com.cg.ddms.controller.ProductController [http-nio-9092-exec-4] This is the info logs
2020-10-12 13:16:50,927 WARN com.cg.ddms.controller.ProductController [http-nio-9092-exec-4] This is the warning logs
2020-10-12 13:16:50,927 TRACE com.cg.ddms.controller.ProductController [http-nio-9092-exec-4] This is the trace logs
2020-10-12 13:16:51,109 ERROR com.cg.ddms.controller.ProductController [http-nio-9092-exec-5] This is the  error logs Dognull
2020-10-12 13:16:51,109 INFO com.cg.ddms.controller.ProductController [http-nio-9092-exec-5] This is the info logs
2020-10-12 13:16:51,130 WARN com.cg.ddms.controller.ProductController [http-nio-9092-exec-5] This is the warning logs
2020-10-12 13:16:51,131 TRACE com.cg.ddms.controller.ProductController [http-nio-9092-exec-5] This is the trace logs
2020-10-12 13:17:17,325 INFO com.cg.ddms.DrinkAndDelightManagementApplication [restartedMain] Starting DrinkAndDelightManagementApplication on LAPTOP-2UMOGMU0 with PID 29684 (C:\Tools\CucumberSession\DrinkAndDelightManagement\target\classes started by Deekshitha1 in C:\Tools\CucumberSession\DrinkAndDelightManagement)
2020-10-12 13:17:17,330 DEBUG com.cg.ddms.DrinkAndDelightManagementApplication [restartedMain] Running with Spring Boot v2.3.4.RELEASE, Spring v5.2.9.RELEASE
2020-10-12 13:17:17,330 INFO com.cg.ddms.DrinkAndDelightManagementApplication [restartedMain] No active profile set, falling back to default profiles: default
2020-10-12 13:17:18,148 INFO com.cg.ddms.DrinkAndDelightManagementApplication [restartedMain] Started DrinkAndDelightManagementApplication in 0.907 seconds (JVM running for 93.622)
2020-10-12 13:17:29,202 INFO com.cg.ddms.DrinkAndDelightManagementApplication [restartedMain] Starting DrinkAndDelightManagementApplication on LAPTOP-2UMOGMU0 with PID 29684 (C:\Tools\CucumberSession\DrinkAndDelightManagement\target\classes started by Deekshitha1 in C:\Tools\CucumberSession\DrinkAndDelightManagement)
2020-10-12 13:17:29,202 DEBUG com.cg.ddms.DrinkAndDelightManagementApplication [restartedMain] Running with Spring Boot v2.3.4.RELEASE, Spring v5.2.9.RELEASE
2020-10-12 13:17:29,202 INFO com.cg.ddms.DrinkAndDelightManagementApplication [restartedMain] No active profile set, falling back to default profiles: default
2020-10-12 13:17:29,944 INFO com.cg.ddms.DrinkAndDelightManagementApplication [restartedMain] Started DrinkAndDelightManagementApplication in 0.781 seconds (JVM running for 105.418)
2020-10-12 13:17:40,305 ERROR com.cg.ddms.controller.ProductController [http-nio-9092-exec-1] This is the  error logs Dognull
2020-10-12 13:17:40,308 INFO com.cg.ddms.controller.ProductController [http-nio-9092-exec-1] This is the info logs
2020-10-12 13:17:40,308 WARN com.cg.ddms.controller.ProductController [http-nio-9092-exec-1] This is the warning logs
2020-10-12 13:17:40,308 TRACE com.cg.ddms.controller.ProductController [http-nio-9092-exec-1] This is the trace logs
2020-10-12 13:17:41,336 ERROR com.cg.ddms.controller.ProductController [http-nio-9092-exec-2] This is the  error logs Dognull
2020-10-12 13:17:41,337 INFO com.cg.ddms.controller.ProductController [http-nio-9092-exec-2] This is the info logs
2020-10-12 13:17:41,337 WARN com.cg.ddms.controller.ProductController [http-nio-9092-exec-2] This is the warning logs
2020-10-12 13:17:41,337 TRACE com.cg.ddms.controller.ProductController [http-nio-9092-exec-2] This is the trace logs
2020-10-12 13:17:41,444 ERROR com.cg.ddms.controller.ProductController [http-nio-9092-exec-3] This is the  error logs Dognull
2020-10-12 13:17:41,444 INFO com.cg.ddms.controller.ProductController [http-nio-9092-exec-3] This is the info logs
2020-10-12 13:17:41,444 WARN com.cg.ddms.controller.ProductController [http-nio-9092-exec-3] This is the warning logs
2020-10-12 13:17:41,444 TRACE com.cg.ddms.controller.ProductController [http-nio-9092-exec-3] This is the trace logs
2020-10-12 13:17:41,693 ERROR com.cg.ddms.controller.ProductController [http-nio-9092-exec-4] This is the  error logs Dognull
2020-10-12 13:17:41,693 INFO com.cg.ddms.controller.ProductController [http-nio-9092-exec-4] This is the info logs
2020-10-12 13:17:41,693 WARN com.cg.ddms.controller.ProductController [http-nio-9092-exec-4] This is the warning logs
2020-10-12 13:17:41,693 TRACE com.cg.ddms.controller.ProductController [http-nio-9092-exec-4] This is the trace logs
2020-10-12 13:17:41,794 ERROR com.cg.ddms.controller.ProductController [http-nio-9092-exec-5] This is the  error logs Dognull
2020-10-12 13:17:41,794 INFO com.cg.ddms.controller.ProductController [http-nio-9092-exec-5] This is the info logs
2020-10-12 13:17:41,794 WARN com.cg.ddms.controller.ProductController [http-nio-9092-exec-5] This is the warning logs
2020-10-12 13:17:41,794 TRACE com.cg.ddms.controller.ProductController [http-nio-9092-exec-5] This is the trace logs
2020-10-12 13:17:42,011 ERROR com.cg.ddms.controller.ProductController [http-nio-9092-exec-6] This is the  error logs Dognull
2020-10-12 13:17:42,012 INFO com.cg.ddms.controller.ProductController [http-nio-9092-exec-6] This is the info logs
2020-10-12 13:17:42,012 WARN com.cg.ddms.controller.ProductController [http-nio-9092-exec-6] This is the warning logs
2020-10-12 13:17:42,012 TRACE com.cg.ddms.controller.ProductController [http-nio-9092-exec-6] This is the trace logs
2020-10-12 13:17:42,171 ERROR com.cg.ddms.controller.ProductController [http-nio-9092-exec-7] This is the  error logs Dognull
2020-10-12 13:17:42,171 INFO com.cg.ddms.controller.ProductController [http-nio-9092-exec-7] This is the info logs
2020-10-12 13:17:42,172 WARN com.cg.ddms.controller.ProductController [http-nio-9092-exec-7] This is the warning logs
2020-10-12 13:17:42,172 TRACE com.cg.ddms.controller.ProductController [http-nio-9092-exec-7] This is the trace logs
2020-10-12 13:17:42,366 ERROR com.cg.ddms.controller.ProductController [http-nio-9092-exec-8] This is the  error logs Dognull
2020-10-12 13:17:42,367 INFO com.cg.ddms.controller.ProductController [http-nio-9092-exec-8] This is the info logs
2020-10-12 13:17:42,367 WARN com.cg.ddms.controller.ProductController [http-nio-9092-exec-8] This is the warning logs
2020-10-12 13:17:42,367 TRACE com.cg.ddms.controller.ProductController [http-nio-9092-exec-8] This is the trace logs
2020-10-12 13:17:42,635 ERROR com.cg.ddms.controller.ProductController [http-nio-9092-exec-9] This is the  error logs Dognull
2020-10-12 13:17:42,636 INFO com.cg.ddms.controller.ProductController [http-nio-9092-exec-9] This is the info logs
2020-10-12 13:17:42,636 WARN com.cg.ddms.controller.ProductController [http-nio-9092-exec-9] This is the warning logs
2020-10-12 13:17:42,636 TRACE com.cg.ddms.controller.ProductController [http-nio-9092-exec-9] This is the trace logs
2020-10-12 13:17:42,828 ERROR com.cg.ddms.controller.ProductController [http-nio-9092-exec-10] This is the  error logs Dognull
2020-10-12 13:17:42,828 INFO com.cg.ddms.controller.ProductController [http-nio-9092-exec-10] This is the info logs
2020-10-12 13:17:42,828 WARN com.cg.ddms.controller.ProductController [http-nio-9092-exec-10] This is the warning logs
2020-10-12 13:17:42,828 TRACE com.cg.ddms.controller.ProductController [http-nio-9092-exec-10] This is the trace logs
2020-10-12 13:17:43,012 ERROR com.cg.ddms.controller.ProductController [http-nio-9092-exec-1] This is the  error logs Dognull
2020-10-12 13:17:43,012 INFO com.cg.ddms.controller.ProductController [http-nio-9092-exec-1] This is the info logs
2020-10-12 13:17:43,012 WARN com.cg.ddms.controller.ProductController [http-nio-9092-exec-1] This is the warning logs
2020-10-12 13:17:43,012 TRACE com.cg.ddms.controller.ProductController [http-nio-9092-exec-1] This is the trace logs
2020-10-12 13:18:06,602 INFO com.cg.ddms.DrinkAndDelightManagementApplication [restartedMain] Starting DrinkAndDelightManagementApplication on LAPTOP-2UMOGMU0 with PID 29684 (C:\Tools\CucumberSession\DrinkAndDelightManagement\target\classes started by Deekshitha1 in C:\Tools\CucumberSession\DrinkAndDelightManagement)
2020-10-12 13:18:06,602 DEBUG com.cg.ddms.DrinkAndDelightManagementApplication [restartedMain] Running with Spring Boot v2.3.4.RELEASE, Spring v5.2.9.RELEASE
2020-10-12 13:18:06,602 INFO com.cg.ddms.DrinkAndDelightManagementApplication [restartedMain] No active profile set, falling back to default profiles: default
2020-10-12 13:18:07,185 INFO com.cg.ddms.DrinkAndDelightManagementApplication [restartedMain] Started DrinkAndDelightManagementApplication in 0.616 seconds (JVM running for 142.66)
2020-10-12 13:18:12,303 ERROR com.cg.ddms.controller.ProductController [http-nio-9092-exec-1] This is the  error logs Dog null
2020-10-12 13:18:12,306 INFO com.cg.ddms.controller.ProductController [http-nio-9092-exec-1] This is the info logs
2020-10-12 13:18:12,307 WARN com.cg.ddms.controller.ProductController [http-nio-9092-exec-1] This is the warning logs
2020-10-12 13:18:12,307 TRACE com.cg.ddms.controller.ProductController [http-nio-9092-exec-1] This is the trace logs
2020-10-12 16:35:01,537 INFO com.cg.ddms.DrinkAndDelightManagementApplication [restartedMain] Starting DrinkAndDelightManagementApplication on LAPTOP-2UMOGMU0 with PID 29684 (C:\Tools\CucumberSession\DrinkAndDelightManagement\target\classes started by Deekshitha1 in C:\Tools\CucumberSession\DrinkAndDelightManagement)
2020-10-12 16:35:01,571 DEBUG com.cg.ddms.DrinkAndDelightManagementApplication [restartedMain] Running with Spring Boot v2.3.4.RELEASE, Spring v5.2.9.RELEASE
2020-10-12 16:35:01,571 INFO com.cg.ddms.DrinkAndDelightManagementApplication [restartedMain] No active profile set, falling back to default profiles: default
2020-10-12 16:35:16,679 INFO com.cg.ddms.DrinkAndDelightManagementApplication [restartedMain] Started DrinkAndDelightManagementApplication in 15.944 seconds (JVM running for 11972.193)
