2020-10-12 12:44:50,295 INFO com.cg.ddms.DrinkAndDelightManagementApplication [restartedMain] Starting DrinkAndDelightManagementApplication on LAPTOP-2UMOGMU0 with PID 28584 (C:\Tools\CucumberSession\DrinkAndDelightManagement\target\classes started by Deekshitha1 in C:\Tools\CucumberSession\DrinkAndDelightManagement)
2020-10-12 12:44:50,295 DEBUG com.cg.ddms.DrinkAndDelightManagementApplication [restartedMain] Running with Spring Boot v2.3.4.RELEASE, Spring v5.2.9.RELEASE
2020-10-12 12:44:50,295 INFO com.cg.ddms.DrinkAndDelightManagementApplication [restartedMain] No active profile set, falling back to default profiles: default
2020-10-12 12:44:58,372 INFO com.cg.ddms.DrinkAndDelightManagementApplication [restartedMain] Started DrinkAndDelightManagementApplication in 8.363 seconds (JVM running for 167565.969)
2020-10-12 12:51:48,166 INFO com.cg.ddms.DrinkAndDelightManagementApplication [restartedMain] Starting DrinkAndDelightManagementApplication on LAPTOP-2UMOGMU0 with PID 28584 (C:\Tools\CucumberSession\DrinkAndDelightManagement\target\classes started by Deekshitha1 in C:\Tools\CucumberSession\DrinkAndDelightManagement)
2020-10-12 12:51:48,166 DEBUG com.cg.ddms.DrinkAndDelightManagementApplication [restartedMain] Running with Spring Boot v2.3.4.RELEASE, Spring v5.2.9.RELEASE
2020-10-12 12:51:48,166 INFO com.cg.ddms.DrinkAndDelightManagementApplication [restartedMain] No active profile set, falling back to default profiles: default
2020-10-12 12:51:49,078 INFO com.cg.ddms.DrinkAndDelightManagementApplication [restartedMain] Started DrinkAndDelightManagementApplication in 0.981 seconds (JVM running for 167976.676)
2020-10-12 12:52:19,895 INFO com.cg.ddms.DrinkAndDelightManagementApplication [restartedMain] Starting DrinkAndDelightManagementApplication on LAPTOP-2UMOGMU0 with PID 34664 (C:\Tools\CucumberSession\DrinkAndDelightManagement\target\classes started by Deekshitha1 in C:\Tools\CucumberSession\DrinkAndDelightManagement)
2020-10-12 12:52:19,901 DEBUG com.cg.ddms.DrinkAndDelightManagementApplication [restartedMain] Running with Spring Boot v2.3.4.RELEASE, Spring v5.2.9.RELEASE
2020-10-12 12:52:19,901 INFO com.cg.ddms.DrinkAndDelightManagementApplication [restartedMain] No active profile set, falling back to default profiles: default
2020-10-12 12:52:26,704 INFO com.cg.ddms.DrinkAndDelightManagementApplication [restartedMain] Started DrinkAndDelightManagementApplication in 7.411 seconds (JVM running for 8.973)
2020-10-12 12:53:21,659 ERROR com.cg.ddms.controller.ProductController [http-nio-9092-exec-1] This is the  error logs
2020-10-12 12:53:21,659 INFO com.cg.ddms.controller.ProductController [http-nio-9092-exec-1] This is the info logs
2020-10-12 12:53:21,663 WARN com.cg.ddms.controller.ProductController [http-nio-9092-exec-1] This is the warning logs
2020-10-12 12:53:39,643 ERROR com.cg.ddms.controller.ProductController [http-nio-9092-exec-3] This is the  error logs
2020-10-12 12:53:39,644 INFO com.cg.ddms.controller.ProductController [http-nio-9092-exec-3] This is the info logs
2020-10-12 12:53:39,644 WARN com.cg.ddms.controller.ProductController [http-nio-9092-exec-3] This is the warning logs
2020-10-12 12:54:03,588 ERROR com.cg.ddms.controller.ProductController [http-nio-9092-exec-4] This is the  error logs
2020-10-12 12:54:03,589 INFO com.cg.ddms.controller.ProductController [http-nio-9092-exec-4] This is the info logs
2020-10-12 12:54:03,590 WARN com.cg.ddms.controller.ProductController [http-nio-9092-exec-4] This is the warning logs
2020-10-12 12:56:02,377 INFO com.cg.ddms.DrinkAndDelightManagementApplication [restartedMain] Starting DrinkAndDelightManagementApplication on LAPTOP-2UMOGMU0 with PID 34664 (C:\Tools\CucumberSession\DrinkAndDelightManagement\target\classes started by Deekshitha1 in C:\Tools\CucumberSession\DrinkAndDelightManagement)
2020-10-12 12:56:02,377 DEBUG com.cg.ddms.DrinkAndDelightManagementApplication [restartedMain] Running with Spring Boot v2.3.4.RELEASE, Spring v5.2.9.RELEASE
2020-10-12 12:56:02,377 INFO com.cg.ddms.DrinkAndDelightManagementApplication [restartedMain] No active profile set, falling back to default profiles: default
2020-10-12 12:56:03,276 INFO com.cg.ddms.DrinkAndDelightManagementApplication [restartedMain] Started DrinkAndDelightManagementApplication in 0.997 seconds (JVM running for 225.543)
2020-10-12 12:56:17,429 ERROR com.cg.ddms.controller.ProductController [http-nio-9092-exec-1] This is the  error logs
2020-10-12 12:56:17,429 INFO com.cg.ddms.controller.ProductController [http-nio-9092-exec-1] This is the info logs
2020-10-12 12:56:17,429 WARN com.cg.ddms.controller.ProductController [http-nio-9092-exec-1] This is the warning logs
2020-10-12 13:12:54,609 INFO com.cg.ddms.DrinkAndDelightManagementApplication [restartedMain] Starting DrinkAndDelightManagementApplication on LAPTOP-2UMOGMU0 with PID 34664 (C:\Tools\CucumberSession\DrinkAndDelightManagement\target\classes started by Deekshitha1 in C:\Tools\CucumberSession\DrinkAndDelightManagement)
2020-10-12 13:12:54,610 DEBUG com.cg.ddms.DrinkAndDelightManagementApplication [restartedMain] Running with Spring Boot v2.3.4.RELEASE, Spring v5.2.9.RELEASE
2020-10-12 13:12:54,610 INFO com.cg.ddms.DrinkAndDelightManagementApplication [restartedMain] No active profile set, falling back to default profiles: default
2020-10-12 13:12:55,585 INFO com.cg.ddms.DrinkAndDelightManagementApplication [restartedMain] Started DrinkAndDelightManagementApplication in 1.049 seconds (JVM running for 1237.853)
2020-10-12 13:15:45,635 INFO com.cg.ddms.DrinkAndDelightManagementApplication [restartedMain] Starting DrinkAndDelightManagementApplication on LAPTOP-2UMOGMU0 with PID 29684 (C:\Tools\CucumberSession\DrinkAndDelightManagement\target\classes started by Deekshitha1 in C:\Tools\CucumberSession\DrinkAndDelightManagement)
2020-10-12 13:15:45,637 DEBUG com.cg.ddms.DrinkAndDelightManagementApplication [restartedMain] Running with Spring Boot v2.3.4.RELEASE, Spring v5.2.9.RELEASE
2020-10-12 13:15:45,638 INFO com.cg.ddms.DrinkAndDelightManagementApplication [restartedMain] No active profile set, falling back to default profiles: default
2020-10-12 13:15:51,243 INFO com.cg.ddms.DrinkAndDelightManagementApplication [restartedMain] Started DrinkAndDelightManagementApplication in 6.044 seconds (JVM running for 6.717)
2020-10-12 13:16:00,679 ERROR com.cg.ddms.controller.ProductController [http-nio-9092-exec-1] This is the  error logs Dodnull
2020-10-12 13:16:00,679 INFO com.cg.ddms.controller.ProductController [http-nio-9092-exec-1] This is the info logs
2020-10-12 13:16:00,680 WARN com.cg.ddms.controller.ProductController [http-nio-9092-exec-1] This is the warning logs
2020-10-12 13:16:00,680 TRACE com.cg.ddms.controller.ProductController [http-nio-9092-exec-1] This is the trace logs
2020-10-12 13:16:02,891 ERROR com.cg.ddms.controller.ProductController [http-nio-9092-exec-2] This is the  error logs Dodnull
2020-10-12 13:16:02,892 INFO com.cg.ddms.controller.ProductController [http-nio-9092-exec-2] This is the info logs
2020-10-12 13:16:02,892 WARN com.cg.ddms.controller.ProductController [http-nio-9092-exec-2] This is the warning logs
2020-10-12 13:16:02,892 TRACE com.cg.ddms.controller.ProductController [http-nio-9092-exec-2] This is the trace logs
2020-10-12 13:16:04,732 ERROR com.cg.ddms.controller.ProductController [http-nio-9092-exec-3] This is the  error logs Dodnull
2020-10-12 13:16:04,732 INFO com.cg.ddms.controller.ProductController [http-nio-9092-exec-3] This is the info logs
2020-10-12 13:16:04,733 WARN com.cg.ddms.controller.ProductController [http-nio-9092-exec-3] This is the warning logs
2020-10-12 13:16:04,733 TRACE com.cg.ddms.controller.ProductController [http-nio-9092-exec-3] This is the trace logs
2020-10-12 13:16:25,116 ERROR com.cg.ddms.controller.ProductController [http-nio-9092-exec-4] This is the  error logs Dodnull
2020-10-12 13:16:25,123 INFO com.cg.ddms.controller.ProductController [http-nio-9092-exec-4] This is the info logs
2020-10-12 13:16:25,124 WARN com.cg.ddms.controller.ProductController [http-nio-9092-exec-4] This is the warning logs
2020-10-12 13:16:25,124 TRACE com.cg.ddms.controller.ProductController [http-nio-9092-exec-4] This is the trace logs
2020-10-12 13:16:46,869 INFO com.cg.ddms.DrinkAndDelightManagementApplication [restartedMain] Starting DrinkAndDelightManagementApplication on LAPTOP-2UMOGMU0 with PID 29684 (C:\Tools\CucumberSession\DrinkAndDelightManagement\target\classes started by Deekshitha1 in C:\Tools\CucumberSession\DrinkAndDelightManagement)
2020-10-12 13:16:46,869 DEBUG com.cg.ddms.DrinkAndDelightManagementApplication [restartedMain] Running with Spring Boot v2.3.4.RELEASE, Spring v5.2.9.RELEASE
2020-10-12 13:16:46,869 INFO com.cg.ddms.DrinkAndDelightManagementApplication [restartedMain] No active profile set, falling back to default profiles: default
2020-10-12 13:16:47,833 INFO com.cg.ddms.DrinkAndDelightManagementApplication [restartedMain] Started DrinkAndDelightManagementApplication in 1.038 seconds (JVM running for 63.307)
2020-10-12 13:16:49,628 ERROR com.cg.ddms.controller.ProductController [http-nio-9092-exec-1] This is the  error logs Dognull
2020-10-12 13:16:49,630 INFO com.cg.ddms.controller.ProductController [http-nio-9092-exec-1] This is the info logs
2020-10-12 13:16:49,630 WARN com.cg.ddms.controller.ProductController [http-nio-9092-exec-1] This is the warning logs
2020-10-12 13:16:49,630 TRACE com.cg.ddms.controller.ProductController [http-nio-9092-exec-1] This is the trace logs
2020-10-12 13:16:50,279 ERROR com.cg.ddms.controller.ProductController [http-nio-9092-exec-2] This is the  error logs Dognull
2020-10-12 13:16:50,279 INFO com.cg.ddms.controller.ProductController [http-nio-9092-exec-2] This is the info logs
2020-10-12 13:16:50,279 WARN com.cg.ddms.controller.ProductController [http-nio-9092-exec-2] This is the warning logs
2020-10-12 13:16:50,280 TRACE com.cg.ddms.controller.ProductController [http-nio-9092-exec-2] This is the trace logs
2020-10-12 13:16:50,424 ERROR com.cg.ddms.controller.ProductController [http-nio-9092-exec-3] This is the  error logs Dognull
2020-10-12 13:16:50,424 INFO com.cg.ddms.controller.ProductController [http-nio-9092-exec-3] This is the info logs
2020-10-12 13:16:50,424 WARN com.cg.ddms.controller.ProductController [http-nio-9092-exec-3] This is the warning logs
